  File "test_model.py", line 6
SyntaxError: Non-ASCII character '\xe4' in file test_model.py on line 6, but no encoding declared; see http://python.org/dev/peps/pep-0263/ for details
#非零指代消解
#感知机进行词性标注
0 ----------------------------> 2280
#非零指代消解
#感知机进行词性标注
1 ----------------------------> 2280
#非零指代消解
#感知机进行词性标注
2 ----------------------------> 2280
#非零指代消解
#感知机进行词性标注
3 ----------------------------> 2280
#非零指代消解
#感知机进行词性标注
4 ----------------------------> 2280
#非零指代消解
#感知机进行词性标注
5 ----------------------------> 2280
#非零指代消解
#感知机进行词性标注
6 ----------------------------> 2280
#非零指代消解
#感知机进行词性标注
7 ----------------------------> 2280
#非零指代消解
#感知机进行词性标注
8 ----------------------------> 2280
#非零指代消解
#感知机进行词性标注
9 ----------------------------> 2280
#非零指代消解
#感知机进行词性标注
10 ----------------------------> 2280
#非零指代消解
#感知机进行词性标注
11 ----------------------------> 2280
#非零指代消解
#感知机进行词性标注
12 ----------------------------> 2280
#非零指代消解
#感知机进行词性标注
13 ----------------------------> 2280
#非零指代消解
#感知机进行词性标注
14 ----------------------------> 2280
#非零指代消解
#感知机进行词性标注
15 ----------------------------> 2280
#非零指代消解
#感知机进行词性标注
16 ----------------------------> 2280
#非零指代消解
#感知机进行词性标注
17 ----------------------------> 2280
#非零指代消解
#感知机进行词性标注
18 ----------------------------> 2280
#非零指代消解
#感知机进行词性标注
19 ----------------------------> 2280
#非零指代消解
#感知机进行词性标注
20 ----------------------------> 2280
#非零指代消解
#感知机进行词性标注
21 ----------------------------> 2280
#非零指代消解
#感知机进行词性标注
22 ----------------------------> 2280
#非零指代消解
#感知机进行词性标注
23 ----------------------------> 2280
#非零指代消解
#感知机进行词性标注
24 ----------------------------> 2280
#非零指代消解
#感知机进行词性标注
25 ----------------------------> 2280
#非零指代消解
#感知机进行词性标注
26 ----------------------------> 2280
#非零指代消解
#感知机进行词性标注
27 ----------------------------> 2280
#非零指代消解
#感知机进行词性标注
28 ----------------------------> 2280
#非零指代消解
#感知机进行词性标注
29 ----------------------------> 2280
#非零指代消解
#感知机进行词性标注
30 ----------------------------> 2280
#非零指代消解
#感知机进行词性标注
31 ----------------------------> 2280
#非零指代消解
#感知机进行词性标注
32 ----------------------------> 2280
#非零指代消解
#感知机进行词性标注
33 ----------------------------> 2280
#非零指代消解
#感知机进行词性标注
34 ----------------------------> 2280
#非零指代消解
#感知机进行词性标注
35 ----------------------------> 2280
#非零指代消解
#感知机进行词性标注
36 ----------------------------> 2280
#非零指代消解
#感知机进行词性标注
37 ----------------------------> 2280
#非零指代消解
#感知机进行词性标注
38 ----------------------------> 2280
#非零指代消解
#感知机进行词性标注
39 ----------------------------> 2280
#非零指代消解
#感知机进行词性标注
40 ----------------------------> 2280
#非零指代消解
#感知机进行词性标注
41 ----------------------------> 2280
#非零指代消解
#感知机进行词性标注
42 ----------------------------> 2280
#非零指代消解
#感知机进行词性标注
43 ----------------------------> 2280
#非零指代消解
#感知机进行词性标注
44 ----------------------------> 2280
#非零指代消解
#感知机进行词性标注
45 ----------------------------> 2280
#非零指代消解
#感知机进行词性标注
46 ----------------------------> 2280
#非零指代消解
#感知机进行词性标注
47 ----------------------------> 2280
#非零指代消解
#感知机进行词性标注
48 ----------------------------> 2280
#非零指代消解
#感知机进行词性标注
49 ----------------------------> 2280
#非零指代消解
#感知机进行词性标注
50 ----------------------------> 2280
#非零指代消解
#感知机进行词性标注
51 ----------------------------> 2280
#非零指代消解
#感知机进行词性标注
52 ----------------------------> 2280
#非零指代消解
#感知机进行词性标注
53 ----------------------------> 2280
#非零指代消解
#感知机进行词性标注
54 ----------------------------> 2280
#非零指代消解
#感知机进行词性标注
55 ----------------------------> 2280
#非零指代消解
#感知机进行词性标注
56 ----------------------------> 2280
#非零指代消解
#感知机进行词性标注
57 ----------------------------> 2280
#非零指代消解
#感知机进行词性标注
58 ----------------------------> 2280
#非零指代消解
#感知机进行词性标注
59 ----------------------------> 2280
#非零指代消解
#感知机进行词性标注
60 ----------------------------> 2280
#非零指代消解
#感知机进行词性标注
61 ----------------------------> 2280
#非零指代消解
#感知机进行词性标注
62 ----------------------------> 2280
#非零指代消解
#感知机进行词性标注
63 ----------------------------> 2280
#非零指代消解
#感知机进行词性标注
64 ----------------------------> 2280
#非零指代消解
#感知机进行词性标注
65 ----------------------------> 2280
#非零指代消解
#感知机进行词性标注
66 ----------------------------> 2280
#非零指代消解
#感知机进行词性标注
67 ----------------------------> 2280
#非零指代消解
#感知机进行词性标注
68 ----------------------------> 2280
#非零指代消解
#感知机进行词性标注
69 ----------------------------> 2280
#非零指代消解
#感知机进行词性标注
70 ----------------------------> 2280
#非零指代消解
#感知机进行词性标注
71 ----------------------------> 2280
#非零指代消解
#感知机进行词性标注
72 ----------------------------> 2280
#非零指代消解
#感知机进行词性标注
73 ----------------------------> 2280
#非零指代消解
#感知机进行词性标注
74 ----------------------------> 2280
#非零指代消解
#感知机进行词性标注
75 ----------------------------> 2280
#非零指代消解
#感知机进行词性标注
76 ----------------------------> 2280
#非零指代消解
#感知机进行词性标注
77 ----------------------------> 2280
#非零指代消解
#感知机进行词性标注
78 ----------------------------> 2280
#非零指代消解
#感知机进行词性标注
79 ----------------------------> 2280
#非零指代消解
#感知机进行词性标注
80 ----------------------------> 2280
#非零指代消解
#感知机进行词性标注
81 ----------------------------> 2280
#非零指代消解
#感知机进行词性标注
82 ----------------------------> 2280
#非零指代消解
#感知机进行词性标注
83 ----------------------------> 2280
#非零指代消解
#感知机进行词性标注
84 ----------------------------> 2280
#非零指代消解
#感知机进行词性标注
85 ----------------------------> 2280
#非零指代消解
#感知机进行词性标注
86 ----------------------------> 2280
#非零指代消解
#感知机进行词性标注
87 ----------------------------> 2280
#非零指代消解
#感知机进行词性标注
88 ----------------------------> 2280
#非零指代消解
#感知机进行词性标注
89 ----------------------------> 2280
#非零指代消解
#感知机进行词性标注
90 ----------------------------> 2280
#非零指代消解
#感知机进行词性标注
91 ----------------------------> 2280
#非零指代消解
#感知机进行词性标注
92 ----------------------------> 2280
#非零指代消解
#感知机进行词性标注
93 ----------------------------> 2280
#非零指代消解
#感知机进行词性标注 * Serving Flask app "server_api" (lazy loading)
 * Environment: production
   WARNING: This is a development server. Do not use it in a production deployment.
   Use a production WSGI server instead.
 * Debug mode: off
 * Running on http://172.27.128.90:9098/ (Press CTRL+C to quit)
172.27.148.199 - - [03/Jan/2020 19:47:54] "POST / HTTP/1.1" 200 -
 * Serving Flask app "server_api" (lazy loading)
 * Environment: production
   WARNING: This is a development server. Do not use it in a production deployment.
   Use a production WSGI server instead.
 * Debug mode: off
 * Running on http://172.27.128.90:9098/ (Press CTRL+C to quit)
172.27.148.199 - - [03/Jan/2020 20:00:36] "POST / HTTP/1.1" 200 -
172.27.148.199 - - [03/Jan/2020 20:02:55] "POST / HTTP/1.1" 200 -
